2025-03-25 21:38:53,910 | DEBUG | app_logger - Подключение к базе данных...
2025-03-25 21:38:54,743 | INFO | app_logger - Загрузка базовых команд...
2025-03-25 21:38:54,748 | INFO | app_logger - Запущен планировщик для проверки подписки пользователей и отзыва ключей.
2025-03-25 21:38:54,748 | INFO | app_logger - Проверка пользователей...
2025-03-25 21:38:54,852 | INFO | app_logger - Бот @testwsdrfnbot запущен.
2025-03-25 21:39:19,493 | INFO | app_logger - Внимание! Новый юзер: wisderfin - wisderfin
2025-03-25 21:39:29,543 | INFO | app_logger - Пользователь wisderfin вызвал команду /location
2025-03-25 21:41:24,288 | DEBUG | app_logger - Подключение к базе данных...
2025-03-25 21:41:24,952 | INFO | app_logger - Загрузка базовых команд...
2025-03-25 21:41:24,955 | INFO | app_logger - Запущен планировщик для проверки подписки пользователей и отзыва ключей.
2025-03-25 21:41:24,956 | INFO | app_logger - Проверка пользователей...
2025-03-25 21:41:25,169 | INFO | app_logger - Бот @testwsdrfnbot запущен.
2025-03-25 21:41:30,138 | INFO | app_logger - Пользователь wisderfin вызвал команду /location
2025-03-25 21:41:35,064 | INFO | app_logger - Администратор wisderfin зашел в админ панель.
2025-03-25 21:41:38,310 | INFO | app_logger - Администратор wisderfin зашел в панель управления серверами.
2025-03-25 21:43:21,746 | ERROR | app_logger - Ошибка при добавлении сервера ❌ Неверный формат IP адреса!
2025-03-25 21:46:24,953 | INFO | app_logger - Проверка пользователей...
2025-03-25 21:47:25,958 | INFO | app_logger - Пользователь wisderfin вызвал команду /location
2025-03-25 21:47:31,681 | INFO | app_logger - Пользователь wisderfin вызвал команду /location
2025-03-25 21:47:44,955 | INFO | app_logger - Администратор wisderfin зашел в админ панель.
2025-03-25 21:47:54,623 | INFO | app_logger - Администратор wisderfin зашел в панель управления серверами.
2025-03-25 21:48:00,108 | INFO | app_logger - Администратор wisderfin начинает настройку сервера Russia
2025-03-25 21:48:10,389 | ERROR | app_logger - Ошибка при настройке сервера Russia: timed out
2025-03-25 21:51:24,953 | INFO | app_logger - Проверка пользователей...
